<?xml version="1.0" encoding="UTF-8"?>
<testng-results ignored="0" total="1" passed="1" failed="0" skipped="0">
  <reporter-output>
  </reporter-output>
  <suite started-at="2022-07-02T14:32:05 IST" name="Default suite" finished-at="2022-07-02T14:32:08 IST" duration-ms="3490">
    <groups>
    </groups>
    <test started-at="2022-07-02T14:32:05 IST" name="Default test" finished-at="2022-07-02T14:32:08 IST" duration-ms="3490">
      <class name="abstracted.CustomAnnotations">
        <test-method signature="assertAPI()[pri:1, instance:abstracted.CustomAnnotations@3ba9ad43]" started-at="2022-07-02T14:32:05 IST" name="assertAPI" finished-at="2022-07-02T14:32:08 IST" duration-ms="3442" status="PASS">
          <reporter-output>
          </reporter-output>
        </test-method> <!-- assertAPI -->
      </class> <!-- abstracted.CustomAnnotations -->
    </test> <!-- Default test -->
  </suite> <!-- Default suite -->
</testng-results>
